Flutter/build/app/intermediates/manifest_merge_blame_file/release/manifest-merger-blame-release-report.txt
1<?xml version="1.0" encoding="utf-8"?>
2<manifest xmlns:android="http://schemas.android.com/apk/res/android"
3    package="com.example.lms"
4    android:versionCode="1"
5    android:versionName="1.0.0" >
6
7    <uses-sdk
8        android:minSdkVersion="21"
8-->src\main\AndroidManifest.xml
9        android:targetSdkVersion="31" />
9-->src\main\AndroidManifest.xml
10
11    <uses-permission android:name="android.permission.INTERNET" />
11-->src\main\AndroidManifest.xml:3:5-66
11-->src\main\AndroidManifest.xml:3:22-64
12    <uses-permission android:name="android.permission.ACCESS_NETWORK_STATE" />
12-->[:network_info_plus] AndroidManifest.xml:7:5-79
12-->[:network_info_plus] AndroidManifest.xml:7:22-76
13    <uses-permission android:name="android.permission.ACCESS_WIFI_STATE" />
13-->[:network_info_plus] AndroidManifest.xml:8:5-76
13-->[:network_info_plus] AndroidManifest.xml:8:22-73
14    <uses-permission android:name="android.permission.READ_EXTERNAL_STORAGE" />
14-->[:file_picker] AndroidManifest.xml:7:5-80
14-->[:file_picker] AndroidManifest.xml:7:22-77
15
16    <queries>
16-->[:file_picker] AndroidManifest.xml:9:5-15:15
17        <intent>
17-->[:file_picker] AndroidManifest.xml:10:9-14:18
18            <action android:name="android.intent.action.GET_CONTENT" />
18-->[:file_picker] AndroidManifest.xml:11:13-72
18-->[:file_picker] AndroidManifest.xml:11:21-69
19
20            <data android:mimeType="*/*" />
20-->[:file_picker] AndroidManifest.xml:13:13-44
20-->[:file_picker] AndroidManifest.xml:13:19-41
21        </intent>
22    </queries>
23
24    <uses-permission android:name="android.permission.RECEIVE_BOOT_COMPLETED" />
24-->[:awesome_notifications] AndroidManifest.xml:7:5-81
24-->[:awesome_notifications] AndroidManifest.xml:7:22-78
25    <uses-permission android:name="android.permission.VIBRATE" />
25-->[:awesome_notifications] AndroidManifest.xml:8:5-66
25-->[:awesome_notifications] AndroidManifest.xml:8:22-63
26    <uses-permission android:name="android.permission.REQUEST_INSTALL_PACKAGES" /> <!-- for android -->
26-->[:open_file] AndroidManifest.xml:8:5-83
26-->[:open_file] AndroidManifest.xml:8:22-80
27    <!-- <uses-permission android:name="com.android.launcher.permission.READ_SETTINGS"/> -->
28    <!-- <uses-permission android:name="com.android.launcher.permission.WRITE_SETTINGS"/> -->
29    <!-- <uses-permission android:name="com.android.launcher.permission.INSTALL_SHORTCUT" /> -->
30    <!-- <uses-permission android:name="com.android.launcher.permission.UNINSTALL_SHORTCUT" /> -->
31    <!-- for Samsung -->
32    <uses-permission android:name="com.sec.android.provider.badge.permission.READ" />
32-->[me.leolin:ShortcutBadger:1.1.22] AndroidManifest.xml:19:5-86
32-->[me.leolin:ShortcutBadger:1.1.22] AndroidManifest.xml:19:22-83
33    <uses-permission android:name="com.sec.android.provider.badge.permission.WRITE" /> <!-- for htc -->
33-->[me.leolin:ShortcutBadger:1.1.22] AndroidManifest.xml:20:5-87
33-->[me.leolin:ShortcutBadger:1.1.22] AndroidManifest.xml:20:22-84
34    <uses-permission android:name="com.htc.launcher.permission.READ_SETTINGS" />
34-->[me.leolin:ShortcutBadger:1.1.22] AndroidManifest.xml:23:5-81
34-->[me.leolin:ShortcutBadger:1.1.22] AndroidManifest.xml:23:22-78
35    <uses-permission android:name="com.htc.launcher.permission.UPDATE_SHORTCUT" /> <!-- for sony -->
35-->[me.leolin:ShortcutBadger:1.1.22] AndroidManifest.xml:24:5-83
35-->[me.leolin:ShortcutBadger:1.1.22] AndroidManifest.xml:24:22-80
36    <uses-permission android:name="com.sonyericsson.home.permission.BROADCAST_BADGE" />
36-->[me.leolin:ShortcutBadger:1.1.22] AndroidManifest.xml:27:5-88
36-->[me.leolin:ShortcutBadger:1.1.22] AndroidManifest.xml:27:22-85
37    <uses-permission android:name="com.sonymobile.home.permission.PROVIDER_INSERT_BADGE" /> <!-- for apex -->
37-->[me.leolin:ShortcutBadger:1.1.22] AndroidManifest.xml:28:5-92
37-->[me.leolin:ShortcutBadger:1.1.22] AndroidManifest.xml:28:22-89
38    <uses-permission android:name="com.anddoes.launcher.permission.UPDATE_COUNT" /> <!-- for solid -->
38-->[me.leolin:ShortcutBadger:1.1.22] AndroidManifest.xml:31:5-84
38-->[me.leolin:ShortcutBadger:1.1.22] AndroidManifest.xml:31:22-81
39    <uses-permission android:name="com.majeur.launcher.permission.UPDATE_BADGE" /> <!-- for huawei -->
39-->[me.leolin:ShortcutBadger:1.1.22] AndroidManifest.xml:34:5-83
39-->[me.leolin:ShortcutBadger:1.1.22] AndroidManifest.xml:34:22-80
40    <uses-permission android:name="com.huawei.android.launcher.permission.CHANGE_BADGE" />
40-->[me.leolin:ShortcutBadger:1.1.22] AndroidManifest.xml:37:5-91
40-->[me.leolin:ShortcutBadger:1.1.22] AndroidManifest.xml:37:22-88
41    <uses-permission android:name="com.huawei.android.launcher.permission.READ_SETTINGS" />
41-->[me.leolin:ShortcutBadger:1.1.22] AndroidManifest.xml:38:5-92
41-->[me.leolin:ShortcutBadger:1.1.22] AndroidManifest.xml:38:22-89
42    <uses-permission android:name="com.huawei.android.launcher.permission.WRITE_SETTINGS" /> <!-- for ZUK -->
42-->[me.leolin:ShortcutBadger:1.1.22] AndroidManifest.xml:39:5-93
42-->[me.leolin:ShortcutBadger:1.1.22] AndroidManifest.xml:39:22-90
43    <uses-permission android:name="android.permission.READ_APP_BADGE" /> <!-- for OPPO -->
43-->[me.leolin:ShortcutBadger:1.1.22] AndroidManifest.xml:42:5-73
43-->[me.leolin:ShortcutBadger:1.1.22] AndroidManifest.xml:42:22-70
44    <uses-permission android:name="com.oppo.launcher.permission.READ_SETTINGS" />
44-->[me.leolin:ShortcutBadger:1.1.22] AndroidManifest.xml:45:5-82
44-->[me.leolin:ShortcutBadger:1.1.22] AndroidManifest.xml:45:22-79
45    <uses-permission android:name="com.oppo.launcher.permission.WRITE_SETTINGS" /> <!-- for EvMe -->
45-->[me.leolin:ShortcutBadger:1.1.22] AndroidManifest.xml:46:5-83
45-->[me.leolin:ShortcutBadger:1.1.22] AndroidManifest.xml:46:22-80
46    <uses-permission android:name="me.everything.badger.permission.BADGE_COUNT_READ" />
46-->[me.leolin:ShortcutBadger:1.1.22] AndroidManifest.xml:49:5-88
46-->[me.leolin:ShortcutBadger:1.1.22] AndroidManifest.xml:49:22-85
47    <uses-permission android:name="me.everything.badger.permission.BADGE_COUNT_WRITE" />
47-->[me.leolin:ShortcutBadger:1.1.22] AndroidManifest.xml:50:5-89
47-->[me.leolin:ShortcutBadger:1.1.22] AndroidManifest.xml:50:22-86
48
49    <application
50        android:name="android.app.Application"
50-->src\main\AndroidManifest.xml:7:9-42
51        android:appComponentFactory="androidx.core.app.CoreComponentFactory"
51-->[androidx.core:core:1.7.0] AndroidManifest.xml:24:18-86
52        android:icon="@mipmap/ic_launcher"
52-->src\main\AndroidManifest.xml:8:9-43
53        android:label="lms"
53-->src\main\AndroidManifest.xml:6:9-28
54        android:requestLegacyExternalStorage="true" >
54-->src\main\AndroidManifest.xml:5:9-52
55        <activity
55-->src\main\AndroidManifest.xml:9:9-29:20
56            android:name="com.example.lms.MainActivity"
56-->src\main\AndroidManifest.xml:10:13-41
57            android:configChanges="orientation|keyboardHidden|keyboard|screenSize|smallestScreenSize|locale|layoutDirection|fontScale|screenLayout|density|uiMode"
57-->src\main\AndroidManifest.xml:14:13-163
58            android:exported="true"
58-->src\main\AndroidManifest.xml:11:13-36
59            android:hardwareAccelerated="true"
59-->src\main\AndroidManifest.xml:15:13-47
60            android:launchMode="singleTop"
60-->src\main\AndroidManifest.xml:12:13-43
61            android:theme="@style/LaunchTheme"
61-->src\main\AndroidManifest.xml:13:13-47
62            android:windowSoftInputMode="adjustResize" >
62-->src\main\AndroidManifest.xml:16:13-55
63
64            <!--
65                 Specifies an Android theme to apply to this Activity as soon as
66                 the Android process has started. This theme is visible to the user
67                 while the Flutter UI initializes. After that, this theme continues
68                 to determine the Window background behind the Flutter UI.
69            -->
70            <meta-data
70-->src\main\AndroidManifest.xml:21:13-24:17
71                android:name="io.flutter.embedding.android.NormalTheme"
71-->src\main\AndroidManifest.xml:22:15-70
72                android:resource="@style/NormalTheme" />
72-->src\main\AndroidManifest.xml:23:15-52
73
74            <intent-filter>
74-->src\main\AndroidManifest.xml:25:13-28:29
75                <action android:name="android.intent.action.MAIN" />
75-->src\main\AndroidManifest.xml:26:17-68
75-->src\main\AndroidManifest.xml:26:25-66
76
77                <category android:name="android.intent.category.LAUNCHER" />
77-->src\main\AndroidManifest.xml:27:17-76
77-->src\main\AndroidManifest.xml:27:27-74
78            </intent-filter>
79        </activity>
80        <!--
81             Don't delete the meta-data below.
82             This is used by the Flutter tool to generate GeneratedPluginRegistrant.java
83        -->
84        <meta-data
84-->src\main\AndroidManifest.xml:32:9-34:33
85            android:name="flutterEmbedding"
85-->src\main\AndroidManifest.xml:33:13-44
86            android:value="2" />
86-->src\main\AndroidManifest.xml:34:13-30
87
88        <provider
88-->[:image_picker] AndroidManifest.xml:8:9-16:20
89            android:name="io.flutter.plugins.imagepicker.ImagePickerFileProvider"
89-->[:image_picker] AndroidManifest.xml:9:13-82
90            android:authorities="com.example.lms.flutter.image_provider"
90-->[:image_picker] AndroidManifest.xml:10:13-74
91            android:exported="false"
91-->[:image_picker] AndroidManifest.xml:11:13-37
92            android:grantUriPermissions="true" >
92-->[:image_picker] AndroidManifest.xml:12:13-47
93            <meta-data
93-->[:image_picker] AndroidManifest.xml:13:13-15:75
94                android:name="android.support.FILE_PROVIDER_PATHS"
94-->[:image_picker] AndroidManifest.xml:14:17-67
95                android:resource="@xml/flutter_image_picker_file_paths" />
95-->[:image_picker] AndroidManifest.xml:15:17-72
96        </provider>
97
98        <receiver
98-->[:awesome_notifications] AndroidManifest.xml:11:9-13:40
99            android:name="me.carda.awesome_notifications.notifications.broadcastReceivers.DismissedNotificationReceiver"
99-->[:awesome_notifications] AndroidManifest.xml:12:13-121
100            android:exported="false" />
100-->[:awesome_notifications] AndroidManifest.xml:13:13-37
101        <receiver
101-->[:awesome_notifications] AndroidManifest.xml:14:9-16:40
102            android:name="me.carda.awesome_notifications.notifications.broadcastReceivers.ScheduledNotificationReceiver"
102-->[:awesome_notifications] AndroidManifest.xml:15:13-121
103            android:exported="false" />
103-->[:awesome_notifications] AndroidManifest.xml:16:13-37
104        <receiver
104-->[:awesome_notifications] AndroidManifest.xml:17:9-19:40
105            android:name="me.carda.awesome_notifications.notifications.broadcastReceivers.KeepOnTopActionReceiver"
105-->[:awesome_notifications] AndroidManifest.xml:18:13-115
106            android:exported="false" />
106-->[:awesome_notifications] AndroidManifest.xml:19:13-37
107        <receiver
107-->[:awesome_notifications] AndroidManifest.xml:20:9-33:20
108            android:name="me.carda.awesome_notifications.notifications.broadcastReceivers.RefreshSchedulesReceiver"
108-->[:awesome_notifications] AndroidManifest.xml:21:13-116
109            android:exported="false" >
109-->[:awesome_notifications] AndroidManifest.xml:22:13-37
110            <intent-filter>
110-->[:awesome_notifications] AndroidManifest.xml:23:13-32:29
111                <category android:name="android.intent.category.DEFAULT" />
111-->[:awesome_notifications] AndroidManifest.xml:24:17-76
111-->[:awesome_notifications] AndroidManifest.xml:24:27-73
112
113                <action android:name="android.intent.action.BOOT_COMPLETED" />
113-->[:awesome_notifications] AndroidManifest.xml:26:17-79
113-->[:awesome_notifications] AndroidManifest.xml:26:25-76
114                <action android:name="android.intent.action.LOCKED_BOOT_COMPLETED" />
114-->[:awesome_notifications] AndroidManifest.xml:27:17-86
114-->[:awesome_notifications] AndroidManifest.xml:27:25-83
115                <action android:name="android.intent.action.MY_PACKAGE_REPLACED" />
115-->[:awesome_notifications] AndroidManifest.xml:28:17-84
115-->[:awesome_notifications] AndroidManifest.xml:28:25-81
116                <action android:name="android.intent.action.QUICKBOOT_POWERON" />
116-->[:awesome_notifications] AndroidManifest.xml:29:17-82
116-->[:awesome_notifications] AndroidManifest.xml:29:25-79
117                <action android:name="com.htc.intent.action.QUICKBOOT_POWERON" />
117-->[:awesome_notifications] AndroidManifest.xml:30:17-82
117-->[:awesome_notifications] AndroidManifest.xml:30:25-79
118                <action android:name="android.app.action.SCHEDULE_EXACT_ALARM_PERMISSION_STATE_CHANGED" />
118-->[:awesome_notifications] AndroidManifest.xml:31:17-107
118-->[:awesome_notifications] AndroidManifest.xml:31:25-104
119            </intent-filter>
120        </receiver>
121
122        <provider
122-->[:open_file] AndroidManifest.xml:12:9-21:20
123            android:name="com.crazecoder.openfile.FileProvider"
123-->[:open_file] AndroidManifest.xml:13:13-64
124            android:authorities="com.example.lms.fileProvider.com.crazecoder.openfile"
124-->[:open_file] AndroidManifest.xml:14:13-88
125            android:exported="false"
125-->[:open_file] AndroidManifest.xml:15:13-37
126            android:grantUriPermissions="true" >
126-->[:open_file] AndroidManifest.xml:16:13-47
127            <meta-data
127-->[:image_picker] AndroidManifest.xml:13:13-15:75
128                android:name="android.support.FILE_PROVIDER_PATHS"
128-->[:image_picker] AndroidManifest.xml:14:17-67
129                android:resource="@xml/filepaths" />
129-->[:image_picker] AndroidManifest.xml:15:17-72
130        </provider>
131
132        <uses-library
132-->[androidx.window:window:1.0.0-beta04] AndroidManifest.xml:25:9-27:40
133            android:name="androidx.window.extensions"
133-->[androidx.window:window:1.0.0-beta04] AndroidManifest.xml:26:13-54
134            android:required="false" />
134-->[androidx.window:window:1.0.0-beta04] AndroidManifest.xml:27:13-37
135        <uses-library
135-->[androidx.window:window:1.0.0-beta04] AndroidManifest.xml:28:9-30:40
136            android:name="androidx.window.sidecar"
136-->[androidx.window:window:1.0.0-beta04] AndroidManifest.xml:29:13-51
137            android:required="false" />
137-->[androidx.window:window:1.0.0-beta04] AndroidManifest.xml:30:13-37
138
139        <provider
139-->[androidx.lifecycle:lifecycle-process:2.2.0] AndroidManifest.xml:25:9-29:43
140            android:name="androidx.lifecycle.ProcessLifecycleOwnerInitializer"
140-->[androidx.lifecycle:lifecycle-process:2.2.0] AndroidManifest.xml:26:13-79
141            android:authorities="com.example.lms.lifecycle-process"
141-->[androidx.lifecycle:lifecycle-process:2.2.0] AndroidManifest.xml:27:13-69
142            android:exported="false"
142-->[androidx.lifecycle:lifecycle-process:2.2.0] AndroidManifest.xml:28:13-37
143            android:multiprocess="true" />
143-->[androidx.lifecycle:lifecycle-process:2.2.0] AndroidManifest.xml:29:13-40
144    </application>
145
146</manifest>